Build started 21/08/2024 11:34:09 PM.
     1>Project "E:\Game\GameSDLDemo\GameSDLDemo\GameSDLDemo.vcxproj" on node 2 (Rebuild target(s)).
     1>ClCompile:
         C:\Program Files (x86)\Microsoft Visual Studio 11.0\VC\bin\CL.exe /c /Zi /nologo /W3 /WX- /sdl /O2 /Oi /Oy- /GL /D WIN32 /D NDEBUG /D _CONSOLE /D _UNICODE /D UNICODE /Gm- /EHsc /MD /GS /Gy /fp:precise /Zc:wchar_t /Zc:forScope /Fo"Release\\" /Fd"Release\vc110.pdb" /Gd /TP /analyze- /errorReport:prompt AmoObject.cpp BaseObject.cpp Common_Function.cpp main.cpp MainObject.cpp ThreatsObject.cpp
         AmoObject.cpp
     1>AmoObject.cpp(33): warning C4244: '-=' : conversion from 'double' to 'Sint16', possible loss of data
         BaseObject.cpp
         Common_Function.cpp
         main.cpp
     1>main.cpp(55): warning C4244: '=' : conversion from 'double' to 'int', possible loss of data
     1>main.cpp(151): warning C4018: '<' : signed/unsigned mismatch
         MainObject.cpp
     1>MainObject.cpp(57): warning C4244: 'argument' : conversion from 'double' to 'const int', possible loss of data
     1>MainObject.cpp(74): warning C4018: '<' : signed/unsigned mismatch
     1>MainObject.cpp(115): warning C4018: '<' : signed/unsigned mismatch
     1>MainObject.cpp(117): warning C4018: '<' : signed/unsigned mismatch
     1>MainObject.cpp(125): warning C4553: '==' : operator has no effect; did you intend '='?
         ThreatsObject.cpp
     1>ThreatsObject.cpp(9): warning C4244: '=' : conversion from 'double' to 'Sint16', possible loss of data
     1>ThreatsObject.cpp(20): warning C4018: '<' : signed/unsigned mismatch
     1>ThreatsObject.cpp(43): warning C4244: 'argument' : conversion from 'double' to 'const int', possible loss of data
     1>ThreatsObject.cpp(52): warning C4018: '<' : signed/unsigned mismatch
     1>ThreatsObject.cpp(65): warning C4244: 'argument' : conversion from 'double' to 'const int', possible loss of data
     1>ThreatsObject.cpp(81): warning C4244: '=' : conversion from 'double' to 'int', possible loss of data
     1>ThreatsObject.cpp(99): warning C4244: '=' : conversion from 'double' to 'int', possible loss of data
     1>ThreatsObject.cpp(103): warning C4018: '<' : signed/unsigned mismatch
     1>ThreatsObject.cpp(115): warning C4244: 'argument' : conversion from 'double' to 'const int', possible loss of data
       Link:
         C:\Program Files (x86)\Microsoft Visual Studio 11.0\VC\bin\link.exe /ERRORREPORT:PROMPT /OUT:"E:\Game\GameSDLDemo\Release\GameSDLDemo.exe" /INCREMENTAL:NO /NOLOGO SDL.lib SDLmain.lib SDL_image.lib SDL_mixer.lib SDL_ttf.lib kernel32.lib user32.lib gdi32.lib winspool.lib comdlg32.lib advapi32.lib shell32.lib ole32.lib oleaut32.lib uuid.lib odbc32.lib odbccp32.lib /MANIFEST /MANIFESTUAC:"level='asInvoker' uiAccess='false'" /manifest:embed /DEBUG /PDB:"E:\Game\GameSDLDemo\Release\GameSDLDemo.pdb" /SUBSYSTEM:WINDOWS /OPT:REF /OPT:ICF /LTCG /TLBID:1 /DYNAMICBASE /NXCOMPAT /IMPLIB:"E:\Game\GameSDLDemo\Release\GameSDLDemo.lib" /MACHINE:X86 /SAFESEH Release\AmoObject.obj
         Release\BaseObject.obj
         Release\Common_Function.obj
         Release\main.obj
         Release\MainObject.obj
         Release\ThreatsObject.obj
         Generating code
         Finished generating code
         GameSDLDemo.vcxproj -> E:\Game\GameSDLDemo\Release\GameSDLDemo.exe
     1>Done Building Project "E:\Game\GameSDLDemo\GameSDLDemo\GameSDLDemo.vcxproj" (Rebuild target(s)).

Build succeeded.

Time Elapsed 00:00:03.29
