E:\GAME\GAMESDLDEMO\GAMESDLDEMO\RELEASE\THREATSOBJECT.OBJ
E:\GAME\GAMESDLDEMO\GAMESDLDEMO\RELEASE\MAINOBJECT.OBJ
E:\GAME\GAMESDLDEMO\GAMESDLDEMO\RELEASE\MAIN.OBJ
E:\GAME\GAMESDLDEMO\GAMESDLDEMO\RELEASE\COMMON_FUNCTION.OBJ
E:\GAME\GAMESDLDEMO\GAMESDLDEMO\RELEASE\BASEOBJECT.OBJ
E:\GAME\GAMESDLDEMO\GAMESDLDEMO\RELEASE\AMOOBJECT.OBJ
E:\GAME\GAMESDLDEMO\GAMESDLDEMO\RELEASE\VC110.PDB
E:\GAME\GAMESDLDEMO\RELEASE\GAMESDLDEMO.EXE
E:\GAME\GAMESDLDEMO\RELEASE\GAMESDLDEMO.PDB
E:\Game\GameSDLDemo\GameSDLDemo\Release\AmoObject.obj
E:\Game\GameSDLDemo\GameSDLDemo\Release\BaseObject.obj
E:\Game\GameSDLDemo\GameSDLDemo\Release\Common_Function.obj
E:\Game\GameSDLDemo\GameSDLDemo\Release\main.obj
E:\Game\GameSDLDemo\GameSDLDemo\Release\MainObject.obj
E:\Game\GameSDLDemo\GameSDLDemo\Release\ThreatsObject.obj
E:\Game\GameSDLDemo\GameSDLDemo\Release\cl.command.1.tlog
E:\Game\GameSDLDemo\GameSDLDemo\Release\CL.read.1.tlog
E:\Game\GameSDLDemo\GameSDLDemo\Release\CL.write.1.tlog
E:\Game\GameSDLDemo\GameSDLDemo\Release\link-cvtres.read.1.tlog
E:\Game\GameSDLDemo\GameSDLDemo\Release\link-cvtres.write.1.tlog
E:\Game\GameSDLDemo\GameSDLDemo\Release\link-rc.read.1.tlog
E:\Game\GameSDLDemo\GameSDLDemo\Release\link-rc.write.1.tlog
E:\Game\GameSDLDemo\GameSDLDemo\Release\link.command.1.tlog
E:\Game\GameSDLDemo\GameSDLDemo\Release\link.read.1.tlog
E:\Game\GameSDLDemo\GameSDLDemo\Release\link.write.1.tlog
E:\Game\GameSDLDemo\GameSDLDemo\Release\vc110.pdb
E:\Game\GameSDLDemo\Release\GameSDLDemo.pdb
E:\Game\GameSDLDemo\Release\GameSDLDemo.exe
