E:\GAME\GAMESDLDEMO\GAMESDLDEMO\DEBUG\AMOOBJECT.OBJ
E:\GAME\GAMESDLDEMO\GAMESDLDEMO\DEBUG\BASEOBJECT.OBJ
E:\GAME\GAMESDLDEMO\GAMESDLDEMO\DEBUG\COMMON_FUNCTION.OBJ
E:\GAME\GAMESDLDEMO\GAMESDLDEMO\DEBUG\MAIN.OBJ
E:\GAME\GAMESDLDEMO\GAMESDLDEMO\DEBUG\MAINOBJECT.OBJ
E:\GAME\GAMESDLDEMO\GAMESDLDEMO\DEBUG\THREATSOBJECT.OBJ
E:\GAME\GAMESDLDEMO\GAMESDLDEMO\DEBUG\VC110.PDB
E:\GAME\GAMESDLDEMO\DEBUG\GAMESDLDEMO.ILK
E:\GAME\GAMESDLDEMO\DEBUG\GAMESDLDEMO.EXE
E:\GAME\GAMESDLDEMO\DEBUG\GAMESDLDEMO.PDB
E:\Game\GameSDLDemo\GameSDLDemo\Debug\AmoObject.obj
E:\Game\GameSDLDemo\GameSDLDemo\Debug\BaseObject.obj
E:\Game\GameSDLDemo\GameSDLDemo\Debug\Common_Function.obj
E:\Game\GameSDLDemo\GameSDLDemo\Debug\main.obj
E:\Game\GameSDLDemo\GameSDLDemo\Debug\MainObject.obj
E:\Game\GameSDLDemo\GameSDLDemo\Debug\ThreatsObject.obj
E:\Game\GameSDLDemo\GameSDLDemo\Debug\cl.command.1.tlog
E:\Game\GameSDLDemo\GameSDLDemo\Debug\CL.read.1.tlog
E:\Game\GameSDLDemo\GameSDLDemo\Debug\CL.write.1.tlog
E:\Game\GameSDLDemo\GameSDLDemo\Debug\link-cvtres.read.1.tlog
E:\Game\GameSDLDemo\GameSDLDemo\Debug\link-cvtres.write.1.tlog
E:\Game\GameSDLDemo\GameSDLDemo\Debug\link-rc.read.1.tlog
E:\Game\GameSDLDemo\GameSDLDemo\Debug\link-rc.write.1.tlog
E:\Game\GameSDLDemo\GameSDLDemo\Debug\link.13988-cvtres.read.1.tlog
E:\Game\GameSDLDemo\GameSDLDemo\Debug\link.13988-cvtres.write.1.tlog
E:\Game\GameSDLDemo\GameSDLDemo\Debug\link.13988-rc.read.1.tlog
E:\Game\GameSDLDemo\GameSDLDemo\Debug\link.13988-rc.write.1.tlog
E:\Game\GameSDLDemo\GameSDLDemo\Debug\link.13988.read.1.tlog
E:\Game\GameSDLDemo\GameSDLDemo\Debug\link.13988.write.1.tlog
E:\Game\GameSDLDemo\GameSDLDemo\Debug\link.4720-cvtres.read.1.tlog
E:\Game\GameSDLDemo\GameSDLDemo\Debug\link.4720-cvtres.write.1.tlog
E:\Game\GameSDLDemo\GameSDLDemo\Debug\link.4720-rc.read.1.tlog
E:\Game\GameSDLDemo\GameSDLDemo\Debug\link.4720-rc.write.1.tlog
E:\Game\GameSDLDemo\GameSDLDemo\Debug\link.4720.read.1.tlog
E:\Game\GameSDLDemo\GameSDLDemo\Debug\link.4720.write.1.tlog
E:\Game\GameSDLDemo\GameSDLDemo\Debug\link.5272-cvtres.read.1.tlog
E:\Game\GameSDLDemo\GameSDLDemo\Debug\link.5272-cvtres.write.1.tlog
E:\Game\GameSDLDemo\GameSDLDemo\Debug\link.5272-rc.read.1.tlog
E:\Game\GameSDLDemo\GameSDLDemo\Debug\link.5272-rc.write.1.tlog
E:\Game\GameSDLDemo\GameSDLDemo\Debug\link.5272.read.1.tlog
E:\Game\GameSDLDemo\GameSDLDemo\Debug\link.5272.write.1.tlog
E:\Game\GameSDLDemo\GameSDLDemo\Debug\link.8272-cvtres.read.1.tlog
E:\Game\GameSDLDemo\GameSDLDemo\Debug\link.8272-cvtres.write.1.tlog
E:\Game\GameSDLDemo\GameSDLDemo\Debug\link.8272-rc.read.1.tlog
E:\Game\GameSDLDemo\GameSDLDemo\Debug\link.8272-rc.write.1.tlog
E:\Game\GameSDLDemo\GameSDLDemo\Debug\link.8272.read.1.tlog
E:\Game\GameSDLDemo\GameSDLDemo\Debug\link.8272.write.1.tlog
E:\Game\GameSDLDemo\GameSDLDemo\Debug\link.9880-cvtres.read.1.tlog
E:\Game\GameSDLDemo\GameSDLDemo\Debug\link.9880-cvtres.write.1.tlog
E:\Game\GameSDLDemo\GameSDLDemo\Debug\link.9880-rc.read.1.tlog
E:\Game\GameSDLDemo\GameSDLDemo\Debug\link.9880-rc.write.1.tlog
E:\Game\GameSDLDemo\GameSDLDemo\Debug\link.9880.read.1.tlog
E:\Game\GameSDLDemo\GameSDLDemo\Debug\link.9880.write.1.tlog
E:\Game\GameSDLDemo\GameSDLDemo\Debug\link.command.1.tlog
E:\Game\GameSDLDemo\GameSDLDemo\Debug\link.read.1.tlog
E:\Game\GameSDLDemo\GameSDLDemo\Debug\link.write.1.tlog
E:\Game\GameSDLDemo\GameSDLDemo\Debug\vc110.idb
E:\Game\GameSDLDemo\GameSDLDemo\Debug\vc110.pdb
E:\Game\GameSDLDemo\Debug\GameSDLDemo.pdb
E:\Game\GameSDLDemo\Debug\GameSDLDemo.exe
E:\Game\GameSDLDemo\Debug\GameSDLDemo.ilk
